<?xml version="1.0" encoding="UTF-8"?>
<!-- Generated by org.testng.reporters.JUnitReportReporter -->
<testsuite hostname="DESKTOP-C8IENHF" failures="0" tests="1" name="checkOutPageSectionTestCases.Checkout_page_Zip_Postalcode" time="12.710" errors="0" timestamp="2023-02-03T07:28:08 IST" skipped="0">
  <testcase classname="checkOutPageSectionTestCases.Checkout_page_Zip_Postalcode" name="Check_And_Verify_To_Pass_Data_In_Zip_Postalcode_Textbox_Checkout_page_Zip_Postalcode_Test" time="12.710"/>
  <system-out/>
</testsuite> <!-- checkOutPageSectionTestCases.Checkout_page_Zip_Postalcode -->
