<?xml version="1.0" encoding="UTF-8"?>
<!-- Generated by org.testng.reporters.JUnitReportReporter -->
<testsuite hostname="DESKTOP-C8IENHF" failures="0" tests="1" name="headerSectionTestCases.Check_whether_search_functionality_working_or_not" time="13.510" errors="0" timestamp="2023-02-03T07:28:08 IST" skipped="0">
  <testcase classname="headerSectionTestCases.Check_whether_search_functionality_working_or_not" name="Check_whether_mouseover_on_the_shapes_links_and_all_types_of_shape_showing_properly_Test" time="13.510"/>
  <system-out/>
</testsuite> <!-- headerSectionTestCases.Check_whether_search_functionality_working_or_not -->
