<?xml version="1.0" encoding="UTF-8"?>
<!-- Generated by org.testng.reporters.JUnitReportReporter -->
<testsuite hostname="DESKTOP-C8IENHF" failures="0" tests="1" name="headerSectionTestCases.Check_contact_link_it_working_and_showing_contact_form" time="22.709" errors="0" timestamp="2023-02-03T07:28:08 IST" skipped="0">
  <testcase classname="headerSectionTestCases.Check_contact_link_it_working_and_showing_contact_form" name="Check_contact_link_it_working_and_showing_contact_form_Test" time="22.709"/>
  <system-out/>
</testsuite> <!-- headerSectionTestCases.Check_contact_link_it_working_and_showing_contact_form -->
