<?xml version="1.0" encoding="UTF-8"?>
<!-- Generated by org.testng.reporters.JUnitReportReporter -->
<testsuite hostname="DESKTOP-C8IENHF" failures="0" tests="1" name="homeSectionTestCases.Checking_collection_link" time="18.890" errors="0" timestamp="2023-02-03T07:28:08 IST" skipped="0">
  <testcase classname="homeSectionTestCases.Checking_collection_link" name="Checking_collection_link_Test" time="18.890"/>
  <system-out/>
</testsuite> <!-- homeSectionTestCases.Checking_collection_link -->
