<?xml version="1.0" encoding="UTF-8"?>
<!-- Generated by org.testng.reporters.JUnitReportReporter -->
<testsuite hostname="DESKTOP-C8IENHF" failures="0" tests="1" name="headerSectionTestCases.Check_View_All_Design_Link_Of_Rug_Style_and_Click_All_Shapes_of_View_All_Design_Link_Rugs" time="12.977" errors="0" timestamp="2023-02-03T07:28:07 IST" skipped="0">
  <testcase classname="headerSectionTestCases.Check_View_All_Design_Link_Of_Rug_Style_and_Click_All_Shapes_of_View_All_Design_Link_Rugs" name="Check_View_All_Design_Link_Of_Rug_Style_and_Click_All_Shapes_of_View_All_Design_Link_Rugs_Test" time="12.977"/>
  <system-out/>
</testsuite> <!-- headerSectionTestCases.Check_View_All_Design_Link_Of_Rug_Style_and_Click_All_Shapes_of_View_All_Design_Link_Rugs -->
