<?xml version="1.0" encoding="UTF-8"?>
<!-- Generated by org.testng.reporters.JUnitReportReporter -->
<testsuite hostname="DESKTOP-C8IENHF" failures="0" tests="1" name="formValidationSectionTestCases.Trade_Form_Validation" time="14.058" errors="0" timestamp="2023-02-03T07:28:08 IST" skipped="0">
  <testcase classname="formValidationSectionTestCases.Trade_Form_Validation" name="Test_And_Verify_To_Pass_All_Details_in_Trade_form_Validation" time="14.058"/>
  <system-out/>
</testsuite> <!-- formValidationSectionTestCases.Trade_Form_Validation -->
