<?xml version="1.0" encoding="UTF-8"?>
<!-- Generated by org.testng.reporters.JUnitReportReporter -->
<testsuite hostname="DESKTOP-C8IENHF" failures="0" tests="1" name="headerSectionTestCases.Click_on_Join_link_and_pass_valid_invalid_data_and_verify_its" time="21.718" errors="0" timestamp="2023-02-03T07:28:08 IST" skipped="0">
  <testcase classname="headerSectionTestCases.Click_on_Join_link_and_pass_valid_invalid_data_and_verify_its" name="Click_on_Join_link_and_pass_valid_invalid_data_and_verify_its_Test" time="21.718"/>
  <system-out/>
</testsuite> <!-- headerSectionTestCases.Click_on_Join_link_and_pass_valid_invalid_data_and_verify_its -->
