<?xml version="1.0" encoding="UTF-8"?>
<!-- Generated by org.testng.reporters.JUnitReportReporter -->
<testsuite hostname="DESKTOP-C8IENHF" failures="0" tests="1" name="collectionSectionTestCases.Click_on_Kids_collection_and_check_of_all_shapes_of_Kids_collection" time="15.540" errors="0" timestamp="2023-02-03T07:28:08 IST" skipped="0">
  <testcase classname="collectionSectionTestCases.Click_on_Kids_collection_and_check_of_all_shapes_of_Kids_collection" name="Click_on_Kids_link_and_check_of_all_shapes_of_Kids_collection" time="15.540"/>
  <system-out/>
</testsuite> <!-- collectionSectionTestCases.Click_on_Kids_collection_and_check_of_all_shapes_of_Kids_collection -->
