<?xml version="1.0" encoding="UTF-8"?>
<!-- Generated by org.testng.reporters.JUnitReportReporter -->
<testsuite hostname="DESKTOP-C8IENHF" failures="0" tests="1" name="PDPSectionTestCases.Testing_the_payment" time="12.522" errors="0" timestamp="2023-02-03T07:28:08 IST" skipped="0">
  <testcase classname="PDPSectionTestCases.Testing_the_payment" name="Testing_the_payment_Test" time="12.522"/>
  <system-out/>
</testsuite> <!-- PDPSectionTestCases.Testing_the_payment -->
