<?xml version="1.0" encoding="UTF-8"?>
<!-- Generated by org.testng.reporters.JUnitReportReporter -->
<testsuite hostname="DESKTOP-C8IENHF" failures="0" tests="1" name="headerSectionTestCases.Check_Ogee_shape_of_all_rugs" time="14.362" errors="0" timestamp="2023-02-03T07:28:08 IST" skipped="0">
  <testcase classname="headerSectionTestCases.Check_Ogee_shape_of_all_rugs" name="Check_Ogee_shape_of_all_rugs_Test" time="14.362"/>
  <system-out/>
</testsuite> <!-- headerSectionTestCases.Check_Ogee_shape_of_all_rugs -->
