<?xml version="1.0" encoding="UTF-8"?>
<!-- Generated by org.testng.reporters.JUnitReportReporter -->
<testsuite hostname="DESKTOP-C8IENHF" failures="0" tests="1" name="myAccountInformationSectionTestCases.Change_Email_Password_Form_Validation" time="17.014" errors="0" timestamp="2023-02-03T07:28:08 IST" skipped="0">
  <testcase classname="myAccountInformationSectionTestCases.Change_Email_Password_Form_Validation" name="Check_to_Pass_Valid_And_All_type_of_Invalid_Data_in_the_change_email_password_textbox" time="17.014"/>
  <system-out/>
</testsuite> <!-- myAccountInformationSectionTestCases.Change_Email_Password_Form_Validation -->
