<?xml version="1.0" encoding="UTF-8"?>
<!-- Generated by org.testng.reporters.JUnitReportReporter -->
<testsuite hostname="DESKTOP-C8IENHF" failures="0" tests="1" name="headerSectionTestCases.Check_whether_mouseover_and_properly_all_rug_style_design_showing" time="10.271" errors="0" timestamp="2023-02-03T07:28:08 IST" skipped="0">
  <testcase classname="headerSectionTestCases.Check_whether_mouseover_and_properly_all_rug_style_design_showing" name="Check_whether_mouseover_and_properly_all_rug_style_design_showing_Test" time="10.271"/>
  <system-out/>
</testsuite> <!-- headerSectionTestCases.Check_whether_mouseover_and_properly_all_rug_style_design_showing -->
