<?xml version="1.0" encoding="UTF-8"?>
<!-- Generated by org.testng.reporters.JUnitReportReporter -->
<testsuite hostname="DESKTOP-C8IENHF" failures="0" tests="1" name="checkOutPageSectionTestCases.Checkout_page_First_Name" time="12.956" errors="0" timestamp="2023-02-03T07:28:08 IST" skipped="0">
  <testcase classname="checkOutPageSectionTestCases.Checkout_page_First_Name" name="Check_First__Name_Textbox_Field_Where_We_Pass_Valid_and_Invalid_Data_Checkout_page_First_Name_Test" time="12.956"/>
  <system-out/>
</testsuite> <!-- checkOutPageSectionTestCases.Checkout_page_First_Name -->
