<?xml version="1.0" encoding="UTF-8"?>
<!-- Generated by org.testng.reporters.JUnitReportReporter -->
<testsuite hostname="DESKTOP-C8IENHF" failures="0" tests="1" name="checkOutPageSectionTestCases.CheckOut_Page_Look_Feel" time="13.435" errors="0" timestamp="2023-02-03T07:28:08 IST" skipped="0">
  <testcase classname="checkOutPageSectionTestCases.CheckOut_Page_Look_Feel" name="Check_CheckoutPage_Look_Feel_CheckOut_Page_Look_Feel_Test" time="13.435"/>
  <system-out/>
</testsuite> <!-- checkOutPageSectionTestCases.CheckOut_Page_Look_Feel -->
