<?xml version="1.0" encoding="UTF-8"?>
<!-- Generated by org.testng.reporters.JUnitReportReporter -->
<testsuite hostname="DESKTOP-C8IENHF" failures="0" tests="1" name="headerSectionTestCases.Check_mouseover_on_the_discover_link_and_it_is_showing_all_features" time="13.193" errors="0" timestamp="2023-02-03T07:28:08 IST" skipped="0">
  <testcase classname="headerSectionTestCases.Check_mouseover_on_the_discover_link_and_it_is_showing_all_features" name="Check_mouseover_on_the_discover_link_and_it_is_showing_all_features_Test" time="13.193"/>
  <system-out/>
</testsuite> <!-- headerSectionTestCases.Check_mouseover_on_the_discover_link_and_it_is_showing_all_features -->
