<?xml version="1.0" encoding="UTF-8"?>
<!-- Generated by org.testng.reporters.JUnitReportReporter -->
<testsuite hostname="DESKTOP-C8IENHF" failures="0" tests="1" name="myAccountInformationSectionTestCases.Reset_Password_Form_Validation" time="13.959" errors="0" timestamp="2023-02-03T07:28:08 IST" skipped="0">
  <testcase classname="myAccountInformationSectionTestCases.Reset_Password_Form_Validation" name="Test_And_Verify_Reset_Password_Form_textbox_And_Validate_its" time="13.959"/>
  <system-out/>
</testsuite> <!-- myAccountInformationSectionTestCases.Reset_Password_Form_Validation -->
