<?xml version="1.0" encoding="UTF-8"?>
<!-- Generated by org.testng.reporters.JUnitReportReporter -->
<testsuite hostname="DESKTOP-C8IENHF" failures="0" tests="1" name="myAccountInformationSectionTestCases.Set_New_Password_Form_Validation" time="13.633" errors="0" timestamp="2023-02-03T07:28:08 IST" skipped="0">
  <testcase classname="myAccountInformationSectionTestCases.Set_New_Password_Form_Validation" name="Test_And_Verify_To_Pass_Valid_And_InValid_value_in_Set_New_Password_Form_Validation" time="13.633"/>
  <system-out/>
</testsuite> <!-- myAccountInformationSectionTestCases.Set_New_Password_Form_Validation -->
