<?xml version="1.0" encoding="UTF-8"?>
<!-- Generated by org.testng.reporters.JUnitReportReporter -->
<testsuite hostname="DESKTOP-C8IENHF" failures="0" tests="1" name="headerSectionTestCases.Click_on_sign_in_after_passing_data" time="16.137" errors="0" timestamp="2023-02-03T07:28:08 IST" skipped="0">
  <testcase classname="headerSectionTestCases.Click_on_sign_in_after_passing_data" name="Click_on_sign_in_after_passing_data_Test" time="16.137"/>
  <system-out/>
</testsuite> <!-- headerSectionTestCases.Click_on_sign_in_after_passing_data -->
