<?xml version="1.0" encoding="UTF-8"?>
<!-- Generated by org.testng.reporters.JUnitReportReporter -->
<testsuite hostname="DESKTOP-C8IENHF" failures="0" tests="1" name="footerSectionTestCases.Checking_all_activities_related_mention_below" time="21.977" errors="0" timestamp="2023-02-03T07:28:08 IST" skipped="0">
  <testcase classname="footerSectionTestCases.Checking_all_activities_related_mention_below" name="check_footer_link" time="21.977"/>
  <system-out/>
</testsuite> <!-- footerSectionTestCases.Checking_all_activities_related_mention_below -->
