<?xml version="1.0" encoding="UTF-8"?>
<!-- Generated by org.testng.reporters.JUnitReportReporter -->
<testsuite hostname="DESKTOP-C8IENHF" failures="0" tests="1" name="checkOutPageSectionTestCases.Checkout_page_Company_name" time="15.240" errors="0" timestamp="2023-02-03T07:28:08 IST" skipped="0">
  <testcase classname="checkOutPageSectionTestCases.Checkout_page_Company_name" name="Test_Verify_whether_Company_Name_Pass_Or_Not_And_Pass_any_Name" time="15.240"/>
  <system-out/>
</testsuite> <!-- checkOutPageSectionTestCases.Checkout_page_Company_name -->
