<?xml version="1.0" encoding="UTF-8"?>
<!-- Generated by org.testng.reporters.JUnitReportReporter -->
<testsuite hostname="DESKTOP-C8IENHF" failures="0" tests="1" name="footerSectionTestCases.Check_contact_link" time="21.328" errors="0" timestamp="2023-02-03T07:28:08 IST" skipped="0">
  <testcase classname="footerSectionTestCases.Check_contact_link" name="click_on_contact" time="21.328"/>
  <system-out/>
</testsuite> <!-- footerSectionTestCases.Check_contact_link -->
