<?xml version="1.0" encoding="UTF-8"?>
<!-- Generated by org.testng.reporters.JUnitReportReporter -->
<testsuite hostname="DESKTOP-C8IENHF" failures="0" tests="1" name="checkOutPageSectionTestCases.Checkout_page_Blank_fields" time="40.423" errors="0" timestamp="2023-02-03T07:28:08 IST" skipped="0">
  <testcase classname="checkOutPageSectionTestCases.Checkout_page_Blank_fields" name="Test_And_Verify_All_Checkout_Page_Blank_field_pass_value_and_clear_Test" time="40.423"/>
  <system-out/>
</testsuite> <!-- checkOutPageSectionTestCases.Checkout_page_Blank_fields -->
