<?xml version="1.0" encoding="UTF-8"?>
<!-- Generated by org.testng.reporters.JUnitReportReporter -->
<testsuite hostname="DESKTOP-C8IENHF" failures="0" tests="1" name="contactFormSectionTestCases.Contact_Form_Validation" time="13.446" errors="0" timestamp="2023-02-03T07:28:08 IST" skipped="0">
  <testcase classname="contactFormSectionTestCases.Contact_Form_Validation" name="Test_and_verify_to_pass_all_Valid_and_invalid_data_in_contact_form_textbox_test" time="13.446"/>
  <system-out/>
</testsuite> <!-- contactFormSectionTestCases.Contact_Form_Validation -->
