<?xml version="1.0" encoding="UTF-8"?>
<!-- Generated by org.testng.reporters.JUnitReportReporter -->
<testsuite hostname="DESKTOP-C8IENHF" failures="0" tests="1" name="PDPSectionTestCases.Testing_if_sizes_are_loading_correctly" time="13.484" errors="0" timestamp="2023-02-03T07:28:08 IST" skipped="0">
  <testcase classname="PDPSectionTestCases.Testing_if_sizes_are_loading_correctly" name="Testing_if_sizes_are_loading_correctly_TestZ" time="13.484"/>
  <system-out/>
</testsuite> <!-- PDPSectionTestCases.Testing_if_sizes_are_loading_correctly -->
