<?xml version="1.0" encoding="UTF-8"?>
<!-- Generated by org.testng.reporters.JUnitReportReporter -->
<testsuite hostname="DESKTOP-C8IENHF" failures="0" tests="1" name="headerSectionTestCases.Check_whether_mouseover_and_properly_all_rug_pattern_showing" time="8.407" errors="0" timestamp="2023-02-03T07:28:08 IST" skipped="0">
  <testcase classname="headerSectionTestCases.Check_whether_mouseover_and_properly_all_rug_pattern_showing" name="Check_whether_mouseover_and_properly_all_rug_pattern_showing_Test" time="8.407"/>
  <system-out/>
</testsuite> <!-- headerSectionTestCases.Check_whether_mouseover_and_properly_all_rug_pattern_showing -->
