<?xml version="1.0" encoding="UTF-8"?>
<!-- Generated by org.testng.reporters.JUnitReportReporter -->
<testsuite hostname="DESKTOP-C8IENHF" failures="0" tests="1" name="headerSectionTestCases.Click_on_Trade_link_and_pass_all_data_and_verify_all_textbox" time="24.483" errors="0" timestamp="2023-02-03T07:28:08 IST" skipped="0">
  <testcase classname="headerSectionTestCases.Click_on_Trade_link_and_pass_all_data_and_verify_all_textbox" name="Click_on_Trade_link_and_pass_all_data_and_verify_all_textbox_Test" time="24.483"/>
  <system-out/>
</testsuite> <!-- headerSectionTestCases.Click_on_Trade_link_and_pass_all_data_and_verify_all_textbox -->
