<?xml version="1.0" encoding="UTF-8"?>
<!-- Generated by org.testng.reporters.JUnitReportReporter -->
<testsuite hostname="DESKTOP-C8IENHF" failures="0" tests="1" name="formValidationSectionTestCases.Sign_In_Form_Validation" time="13.641" errors="0" timestamp="2023-02-03T07:28:08 IST" skipped="0">
  <testcase classname="formValidationSectionTestCases.Sign_In_Form_Validation" name="Test_And_Verify_to_Pass_All_Valid_Invalid_Details_in_Sign_in_Fprm_Validation" time="13.641"/>
  <system-out/>
</testsuite> <!-- formValidationSectionTestCases.Sign_In_Form_Validation -->
