<?xml version="1.0" encoding="UTF-8"?>
<!-- Generated by org.testng.reporters.JUnitReportReporter -->
<testsuite hostname="DESKTOP-C8IENHF" failures="0" tests="1" name="collectionSectionTestCases.Click_on_Terrazo_play_collection_and_check_of_all_shapes_of_Terrazo_collection" time="16.032" errors="0" timestamp="2023-02-03T07:28:08 IST" skipped="0">
  <testcase classname="collectionSectionTestCases.Click_on_Terrazo_play_collection_and_check_of_all_shapes_of_Terrazo_collection" name="Click_on_Terrazo_play_link_and_check_of_all_shapes_of_Terrazo_collection" time="16.032"/>
  <system-out/>
</testsuite> <!-- collectionSectionTestCases.Click_on_Terrazo_play_collection_and_check_of_all_shapes_of_Terrazo_collection -->
