<?xml version="1.0" encoding="UTF-8"?>
<!-- Generated by org.testng.reporters.JUnitReportReporter -->
<testsuite hostname="DESKTOP-C8IENHF" failures="0" tests="1" name="formValidationSectionTestCases.CheckOut_Form_Form_Validation" time="11.215" errors="0" timestamp="2023-02-03T07:28:08 IST" skipped="0">
  <testcase classname="formValidationSectionTestCases.CheckOut_Form_Form_Validation" name="Check_All_textbox_which_come_into_CheckOut_Page_Checkout_Form_Validation_Test" time="11.215"/>
  <system-out/>
</testsuite> <!-- formValidationSectionTestCases.CheckOut_Form_Form_Validation -->
