<?xml version="1.0" encoding="UTF-8"?>
<!-- Generated by org.testng.reporters.JUnitReportReporter -->
<testsuite hostname="DESKTOP-C8IENHF" failures="0" tests="1" name="footerSectionTestCases.Check_all_link_mention_below_shopping_with_us" time="22.613" errors="0" timestamp="2023-02-03T07:28:08 IST" skipped="0">
  <testcase classname="footerSectionTestCases.Check_all_link_mention_below_shopping_with_us" name="Check_all_link_mention_below_shopping_with_us_module" time="22.613"/>
  <system-out/>
</testsuite> <!-- footerSectionTestCases.Check_all_link_mention_below_shopping_with_us -->
