<?xml version="1.0" encoding="UTF-8"?>
<!-- Generated by org.testng.reporters.JUnitReportReporter -->
<testsuite hostname="DESKTOP-C8IENHF" failures="0" tests="1" name="headerSectionTestCases.Check_Offbeat_Link_Of_Rug_Style_and_Click_All_Shapes_of_Offbeat_Rugs" time="10.209" errors="0" timestamp="2023-02-03T07:28:08 IST" skipped="0">
  <testcase classname="headerSectionTestCases.Check_Offbeat_Link_Of_Rug_Style_and_Click_All_Shapes_of_Offbeat_Rugs" name="Checfbeat_Link_Of_Rug_Style_and_Click_All_Shapes_of_Offbeat_Rugs_Test" time="10.209"/>
  <system-out/>
</testsuite> <!-- headerSectionTestCases.Check_Offbeat_Link_Of_Rug_Style_and_Click_All_Shapes_of_Offbeat_Rugs -->
