<?xml version="1.0" encoding="UTF-8"?>
<!-- Generated by org.testng.reporters.JUnitReportReporter -->
<testsuite hostname="DESKTOP-C8IENHF" failures="0" tests="1" name="checkOutPageSectionTestCases.Checkout_page_City" time="20.928" errors="0" timestamp="2023-02-03T07:28:08 IST" skipped="0">
  <testcase classname="checkOutPageSectionTestCases.Checkout_page_City" name="Test_And_Verify_is_able_to_Pass_city_is_Name_in_checkoutPage" time="20.928"/>
  <system-out/>
</testsuite> <!-- checkOutPageSectionTestCases.Checkout_page_City -->
