<?xml version="1.0" encoding="UTF-8"?>
<!-- Generated by org.testng.reporters.JUnitReportReporter -->
<testsuite hostname="DESKTOP-C8IENHF" failures="0" tests="1" name="footerSectionTestCases.Check_contact_link" time="16.079" errors="0" timestamp="2023-02-03T13:06:03 IST" skipped="0">
  <testcase classname="footerSectionTestCases.Check_contact_link" name="click_on_contact" time="16.079"/>
  <system-out/>
</testsuite> <!-- footerSectionTestCases.Check_contact_link -->
