<?xml version="1.0" encoding="UTF-8"?>
<!-- Generated by org.testng.reporters.JUnitReportReporter -->
<testsuite hostname="DESKTOP-C8IENHF" failures="0" tests="1" name="headerSectionTestCases.Checking_wishlist_link_it_is_showing_all_save_to_wishlist_rug" time="17.363" errors="0" timestamp="2023-02-03T13:06:03 IST" skipped="0">
  <testcase classname="headerSectionTestCases.Checking_wishlist_link_it_is_showing_all_save_to_wishlist_rug" name="Checking_wishlist_link_it_is_showing_all_save_to_wishlist_rug_Test" time="17.363"/>
  <system-out/>
</testsuite> <!-- headerSectionTestCases.Checking_wishlist_link_it_is_showing_all_save_to_wishlist_rug -->
