<?xml version="1.0" encoding="UTF-8"?>
<!-- Generated by org.testng.reporters.JUnitReportReporter -->
<testsuite hostname="DESKTOP-C8IENHF" failures="0" tests="1" name="PDPSectionTestCases.Testing_color_sample_box_to_if_sample_can_be_selected_placed_basket_if_correctly" time="30.521" errors="0" timestamp="2023-02-03T13:06:03 IST" skipped="0">
  <testcase classname="PDPSectionTestCases.Testing_color_sample_box_to_if_sample_can_be_selected_placed_basket_if_correctly" name="Testing_color_sample_box_to_if_sample_can_be_selected_placed_basket_if_correctly_Test" time="30.521"/>
  <system-out/>
</testsuite> <!-- PDPSectionTestCases.Testing_color_sample_box_to_if_sample_can_be_selected_placed_basket_if_correctly -->
