<?xml version="1.0" encoding="UTF-8"?>
<!-- Generated by org.testng.reporters.JUnitReportReporter -->
<testsuite hostname="DESKTOP-C8IENHF" failures="0" tests="1" name="headerSectionTestCases.Check_about_us_link" time="13.380" errors="0" timestamp="2023-02-03T13:06:03 IST" skipped="0">
  <testcase classname="headerSectionTestCases.Check_about_us_link" name="Check_about_us_link_Test" time="13.380"/>
  <system-out/>
</testsuite> <!-- headerSectionTestCases.Check_about_us_link -->
