<?xml version="1.0" encoding="UTF-8"?>
<!-- Generated by org.testng.reporters.JUnitReportReporter -->
<testsuite hostname="DESKTOP-C8IENHF" failures="0" tests="1" name="shoppingCardSectionTestCases.Empty_cart_testing" time="19.133" errors="0" timestamp="2023-02-03T13:06:03 IST" skipped="0">
  <testcase classname="shoppingCardSectionTestCases.Empty_cart_testing" name="Verify_And_Validate_Cart_To_Check_It_With_Emtiness_Empty_cart_testing_Test" time="19.133"/>
  <system-out/>
</testsuite> <!-- shoppingCardSectionTestCases.Empty_cart_testing -->
