<?xml version="1.0" encoding="UTF-8"?>
<!-- Generated by org.testng.reporters.JUnitReportReporter -->
<testsuite hostname="DESKTOP-C8IENHF" failures="0" tests="1" name="footerSectionTestCases.Check_all_rug_mention_in_the_below_like_hand_tufted_hand_knotted_outdoor" time="19.345" errors="0" timestamp="2023-02-03T13:06:03 IST" skipped="0">
  <testcase classname="footerSectionTestCases.Check_all_rug_mention_in_the_below_like_hand_tufted_hand_knotted_outdoor" name="Check_all_rug_mention_in_the_below_hand_tufted_hand_knotted_outdoor" time="19.345"/>
  <system-out/>
</testsuite> <!-- footerSectionTestCases.Check_all_rug_mention_in_the_below_like_hand_tufted_hand_knotted_outdoor -->
