<?xml version="1.0" encoding="UTF-8"?>
<!-- Generated by org.testng.reporters.JUnitReportReporter -->
<testsuite hostname="DESKTOP-C8IENHF" failures="0" tests="1" name="headerSectionTestCases.Check_Bright_pattern_link_and_click_all_shapes_of_Bright_pattern_rug_showing" time="20.362" errors="0" timestamp="2023-02-03T13:06:03 IST" skipped="0">
  <testcase classname="headerSectionTestCases.Check_Bright_pattern_link_and_click_all_shapes_of_Bright_pattern_rug_showing" name="Check_Bright_pattern_link_and_click_all_shapes_of_Bright_pattern_rug_showing_Test" time="20.362"/>
  <system-out/>
</testsuite> <!-- headerSectionTestCases.Check_Bright_pattern_link_and_click_all_shapes_of_Bright_pattern_rug_showing -->
