<?xml version="1.0" encoding="UTF-8"?>
<!-- Generated by org.testng.reporters.JUnitReportReporter -->
<testsuite hostname="DESKTOP-C8IENHF" failures="0" tests="1" name="PDPSectionTestCases.Testing_to_see_if_all_defualt_screen_placement_colors_drop_down_bar" time="23.626" errors="0" timestamp="2023-02-03T13:06:03 IST" skipped="0">
  <testcase classname="PDPSectionTestCases.Testing_to_see_if_all_defualt_screen_placement_colors_drop_down_bar" name="Testing_to_see_if_all_defualt_screen_placement_colors_drop_down_bar_Test" time="23.626"/>
  <system-out/>
</testsuite> <!-- PDPSectionTestCases.Testing_to_see_if_all_defualt_screen_placement_colors_drop_down_bar -->
