<?xml version="1.0" encoding="UTF-8"?>
<!-- Generated by org.testng.reporters.JUnitReportReporter -->
<testsuite hostname="DESKTOP-C8IENHF" failures="0" tests="1" name="headerSectionTestCases.Checking_all_to_bag_link_it_is_working_properly_after_click_on_link" time="13.354" errors="0" timestamp="2023-02-03T13:06:03 IST" skipped="0">
  <testcase classname="headerSectionTestCases.Checking_all_to_bag_link_it_is_working_properly_after_click_on_link" name="Checking_all_to_bag_link_it_is_working_properly_after_click_on_link_Test" time="13.354"/>
  <system-out/>
</testsuite> <!-- headerSectionTestCases.Checking_all_to_bag_link_it_is_working_properly_after_click_on_link -->
