<?xml version="1.0" encoding="UTF-8"?>
<!-- Generated by org.testng.reporters.JUnitReportReporter -->
<testsuite hostname="DESKTOP-C8IENHF" failures="0" tests="1" name="wishListSectionTestCases.Checking_My_orders" time="10.582" errors="0" timestamp="2023-02-03T13:06:03 IST" skipped="0">
  <testcase classname="wishListSectionTestCases.Checking_My_orders" name="Checking_My_Order_Link_Test_Verify_All_Link_Checking_My_orders_Test" time="10.582"/>
  <system-out/>
</testsuite> <!-- wishListSectionTestCases.Checking_My_orders -->
