<?xml version="1.0" encoding="UTF-8"?>
<!-- Generated by org.testng.reporters.JUnitReportReporter -->
<testsuite hostname="DESKTOP-C8IENHF" failures="0" tests="1" name="collectionSectionTestCases.Click_on_View_All_collection_and_check_of_all_shapes_of_View_All_Collection_collection" time="15.171" errors="0" timestamp="2023-02-03T13:06:03 IST" skipped="0">
  <testcase classname="collectionSectionTestCases.Click_on_View_All_collection_and_check_of_all_shapes_of_View_All_Collection_collection" name="Click_on_View_All_collection_link_and_check_of_all_shapes_of_View_All_Collection_collection" time="15.171"/>
  <system-out/>
</testsuite> <!-- collectionSectionTestCases.Click_on_View_All_collection_and_check_of_all_shapes_of_View_All_Collection_collection -->
