<?xml version="1.0" encoding="UTF-8"?>
<!-- Generated by org.testng.reporters.JUnitReportReporter -->
<testsuite hostname="DESKTOP-C8IENHF" failures="0" tests="1" name="formValidationSectionTestCases.Set_New_Password_Form_Validation" time="12.796" errors="0" timestamp="2023-02-03T13:06:03 IST" skipped="0">
  <testcase classname="formValidationSectionTestCases.Set_New_Password_Form_Validation" name="Test_And_Verify_To_Pass_Valid_And_InValid_value_in_Set_New_Password_Form_Validation" time="12.796"/>
  <system-out/>
</testsuite> <!-- formValidationSectionTestCases.Set_New_Password_Form_Validation -->
