<?xml version="1.0" encoding="UTF-8"?>
<!-- Generated by org.testng.reporters.JUnitReportReporter -->
<testsuite hostname="DESKTOP-C8IENHF" failures="0" tests="1" name="art.Articles_Pages_Testing" time="71.556" errors="0" timestamp="2022-06-26T18:23:40 IST" skipped="0">
  <testcase classname="art.Articles_Pages_Testing" name="Articles_Pages_Testing_Test" time="71.556"/>
  <system-out/>
</testsuite> <!-- art.Articles_Pages_Testing -->
