<?xml version="1.0" encoding="UTF-8"?>
<!-- Generated by org.testng.reporters.JUnitReportReporter -->
<testsuite hostname="DESKTOP-C8IENHF" failures="0" tests="1" name="checkOutPageSectionTestCases.Checkout_page_Search_address_by_zippostal_code" time="13.599" errors="0" timestamp="2023-02-03T13:06:03 IST" skipped="0">
  <testcase classname="checkOutPageSectionTestCases.Checkout_page_Search_address_by_zippostal_code" name="Check_And_Verify_To_Pass_Data_In_Zip_Code_Textbox_Checkout_page_Search_address_by_zippostal_code_Test" time="13.599"/>
  <system-out/>
</testsuite> <!-- checkOutPageSectionTestCases.Checkout_page_Search_address_by_zippostal_code -->
