<?xml version="1.0" encoding="UTF-8"?>
<!-- Generated by org.testng.reporters.JUnitReportReporter -->
<testsuite hostname="DESKTOP-C8IENHF" failures="0" tests="1" name="shoppingCardSectionTestCases.Shopping_cart_page_link" time="11.599" errors="0" timestamp="2023-02-03T13:06:03 IST" skipped="0">
  <testcase classname="shoppingCardSectionTestCases.Shopping_cart_page_link" name="Check_And_Validate_All_Details_Of_Shopping_Cart_Page_Link_Shopping_cart_page_link_Test" time="11.599"/>
  <system-out/>
</testsuite> <!-- shoppingCardSectionTestCases.Shopping_cart_page_link -->
