<?xml version="1.0" encoding="UTF-8"?>
<!-- Generated by org.testng.reporters.JUnitReportReporter -->
<testsuite hostname="DESKTOP-C8IENHF" failures="0" tests="1" name="homeSectionTestCases.Ckeck_all_project_links" time="16.202" errors="0" timestamp="2023-02-03T13:06:03 IST" skipped="0">
  <testcase classname="homeSectionTestCases.Ckeck_all_project_links" name="Ckeck_all_project_links_Test" time="16.202"/>
  <system-out/>
</testsuite> <!-- homeSectionTestCases.Ckeck_all_project_links -->
