<?xml version="1.0" encoding="UTF-8"?>
<!-- Generated by org.testng.reporters.JUnitReportReporter -->
<testsuite hostname="DESKTOP-C8IENHF" failures="0" tests="1" name="formValidationSectionTestCases.Join_Us_Form_Validation" time="12.728" errors="0" timestamp="2023-02-03T13:06:03 IST" skipped="0">
  <testcase classname="formValidationSectionTestCases.Join_Us_Form_Validation" name="Test_And_Verify_to_Pass_valid_and_invalid_data_in_Join_Us_Account_creation_for_new_user" time="12.728"/>
  <system-out/>
</testsuite> <!-- formValidationSectionTestCases.Join_Us_Form_Validation -->
