<?xml version="1.0" encoding="UTF-8"?>
<!-- Generated by org.testng.reporters.JUnitReportReporter -->
<testsuite hostname="DESKTOP-C8IENHF" failures="0" tests="1" name="shoppingCardSectionTestCases.Shopping_cart_order_summary_testing" time="10.726" errors="0" timestamp="2023-02-03T13:06:03 IST" skipped="0">
  <testcase classname="shoppingCardSectionTestCases.Shopping_cart_order_summary_testing" name="Check_And_Validate_Shopping_Cart_Summary_Testing_Details_Shopping_cart_order_summary_testing_Test" time="10.726"/>
  <system-out/>
</testsuite> <!-- shoppingCardSectionTestCases.Shopping_cart_order_summary_testing -->
