<?xml version="1.0" encoding="UTF-8"?>
<!-- Generated by org.testng.reporters.JUnitReportReporter -->
<testsuite hostname="DESKTOP-C8IENHF" failures="0" tests="1" name="footerSectionTestCases.Check_all_about_links" time="13.872" errors="0" timestamp="2023-02-03T13:06:03 IST" skipped="0">
  <testcase classname="footerSectionTestCases.Check_all_about_links" name="click_on_all_about_links" time="13.872"/>
  <system-out/>
</testsuite> <!-- footerSectionTestCases.Check_all_about_links -->
