<?xml version="1.0" encoding="UTF-8"?>
<!-- Generated by org.testng.reporters.JUnitReportReporter -->
<testsuite hostname="DESKTOP-C8IENHF" failures="0" tests="1" name="formValidationSectionTestCases.Change_Email_Password_Form_Validation" time="14.451" errors="0" timestamp="2023-02-03T13:06:03 IST" skipped="0">
  <testcase classname="formValidationSectionTestCases.Change_Email_Password_Form_Validation" name="Check_to_Pass_Valid_And_All_type_of_Invalid_Data_in_the_change_email_password_textbox" time="14.451"/>
  <system-out/>
</testsuite> <!-- formValidationSectionTestCases.Change_Email_Password_Form_Validation -->
