<?xml version="1.0" encoding="UTF-8"?>
<!-- Generated by org.testng.reporters.JUnitReportReporter -->
<testsuite hostname="DESKTOP-C8IENHF" failures="0" tests="1" name="PDPSectionTestCases.Testing_the_values_of_pile_height_density_are_loading_correctly" time="13.342" errors="0" timestamp="2023-02-03T13:06:03 IST" skipped="0">
  <testcase classname="PDPSectionTestCases.Testing_the_values_of_pile_height_density_are_loading_correctly" name="Testing_the_values_of_pile_height_density_are_loading_correctly_Test" time="13.342"/>
  <system-out/>
</testsuite> <!-- PDPSectionTestCases.Testing_the_values_of_pile_height_density_are_loading_correctly -->
