<?xml version="1.0" encoding="UTF-8"?>
<!-- Generated by org.testng.reporters.JUnitReportReporter -->
<testsuite hostname="DESKTOP-C8IENHF" failures="0" tests="1" name="formValidationSectionTestCases.Pass_Valid_And_Invalid_data_in_Add_Address_textbox" time="12.127" errors="0" timestamp="2023-02-03T13:06:03 IST" skipped="0">
  <testcase classname="formValidationSectionTestCases.Pass_Valid_And_Invalid_data_in_Add_Address_textbox" name="Pass_Valid_And_Invalid_data_in_Add_Address_textbox_Test" time="12.127"/>
  <system-out/>
</testsuite> <!-- formValidationSectionTestCases.Pass_Valid_And_Invalid_data_in_Add_Address_textbox -->
