<?xml version="1.0" encoding="UTF-8"?>
<!-- Generated by org.testng.reporters.JUnitReportReporter -->
<testsuite hostname="DESKTOP-C8IENHF" failures="0" tests="1" name="headerSectionTestCases.Check_press_link_it_is_working" time="17.807" errors="0" timestamp="2023-02-03T13:06:03 IST" skipped="0">
  <testcase classname="headerSectionTestCases.Check_press_link_it_is_working" name="Check_press_link_it_is_working_Test" time="17.807"/>
  <system-out/>
</testsuite> <!-- headerSectionTestCases.Check_press_link_it_is_working -->
