<?xml version="1.0" encoding="UTF-8"?>
<!-- Generated by org.testng.reporters.JUnitReportReporter -->
<testsuite hostname="DESKTOP-C8IENHF" failures="0" tests="1" name="checkOutPageSectionTestCases.Checkout_page_Tabbing_order" time="12.815" errors="0" timestamp="2023-02-03T13:06:03 IST" skipped="0">
  <testcase classname="checkOutPageSectionTestCases.Checkout_page_Tabbing_order" name="Tabb_All_Field_One_By_One_In_Checkout_page_Tabbing_order_Test" time="12.815"/>
  <system-out/>
</testsuite> <!-- checkOutPageSectionTestCases.Checkout_page_Tabbing_order -->
