<?xml version="1.0" encoding="UTF-8"?>
<!-- Generated by org.testng.reporters.JUnitReportReporter -->
<testsuite hostname="DESKTOP-C8IENHF" failures="0" tests="1" name="PDPSectionTestCases.Check_Clicking_if_all_product_detail_and_links_for_dropdown_summary_is_correct_and_working" time="10.163" errors="0" timestamp="2023-02-03T13:06:03 IST" skipped="0">
  <testcase classname="PDPSectionTestCases.Check_Clicking_if_all_product_detail_and_links_for_dropdown_summary_is_correct_and_working" name="Check_Clicking_if_all_product_detail_and_links_for_dropdown_summary_is_correct_and_working_Test" time="10.163"/>
  <system-out/>
</testsuite> <!-- PDPSectionTestCases.Check_Clicking_if_all_product_detail_and_links_for_dropdown_summary_is_correct_and_working -->
