<?xml version="1.0" encoding="UTF-8"?>
<!-- Generated by org.testng.reporters.JUnitReportReporter -->
<testsuite hostname="DESKTOP-C8IENHF" failures="0" tests="1" name="headerSectionTestCases.Check_Linear_Link_Of_Rug_Style_and_Click_All_Shapes_of_Linear_Rugs" time="10.710" errors="0" timestamp="2023-02-03T13:06:03 IST" skipped="0">
  <testcase classname="headerSectionTestCases.Check_Linear_Link_Of_Rug_Style_and_Click_All_Shapes_of_Linear_Rugs" name="Check_Linear_Link_Of_Rug_Style_and_Click_All_Shapes_of_Linear_Rugs_Test" time="10.710"/>
  <system-out/>
</testsuite> <!-- headerSectionTestCases.Check_Linear_Link_Of_Rug_Style_and_Click_All_Shapes_of_Linear_Rugs -->
