<?xml version="1.0" encoding="UTF-8"?>
<!-- Generated by org.testng.reporters.JUnitReportReporter -->
<testsuite hostname="DESKTOP-C8IENHF" failures="0" tests="1" name="checkOutPageSectionTestCases.Checkout_page_Street_address" time="20.900" errors="0" timestamp="2023-02-03T13:06:03 IST" skipped="0">
  <testcase classname="checkOutPageSectionTestCases.Checkout_page_Street_address" name="Check_And_Verify_To_Pass_Data_In_Street_Address_Textbox_Checkout_page_Street_address_Test" time="20.900"/>
  <system-out/>
</testsuite> <!-- checkOutPageSectionTestCases.Checkout_page_Street_address -->
