<?xml version="1.0" encoding="UTF-8"?>
<!-- Generated by org.testng.reporters.JUnitReportReporter -->
<testsuite hostname="DESKTOP-C8IENHF" failures="0" tests="1" name="checkOutPageSectionTestCases.Checkout_page_Mandatory_field" time="14.142" errors="0" timestamp="2023-02-03T13:06:03 IST" skipped="0">
  <testcase classname="checkOutPageSectionTestCases.Checkout_page_Mandatory_field" name="Check_And_Pass_Data_In_All_Mandatory_FieldCheckout_page_Mandatory_field_Test" time="14.142"/>
  <system-out/>
</testsuite> <!-- checkOutPageSectionTestCases.Checkout_page_Mandatory_field -->
