<?xml version="1.0" encoding="UTF-8"?>
<!-- Generated by org.testng.reporters.JUnitReportReporter -->
<testsuite hostname="DESKTOP-C8IENHF" failures="0" tests="1" name="headerSectionTestCases.Check_the_bespoke_link_it_is_working_and_form_showing" time="13.570" errors="0" timestamp="2023-02-03T13:06:03 IST" skipped="0">
  <testcase classname="headerSectionTestCases.Check_the_bespoke_link_it_is_working_and_form_showing" name="Check_the_bespoke_link_it_is_working_and_form_showing_Test" time="13.570"/>
  <system-out/>
</testsuite> <!-- headerSectionTestCases.Check_the_bespoke_link_it_is_working_and_form_showing -->
