<?xml version="1.0" encoding="UTF-8"?>
<!-- Generated by org.testng.reporters.JUnitReportReporter -->
<testsuite hostname="DESKTOP-C8IENHF" failures="0" tests="1" name="headerSectionTestCases.Click_on_sign_in_and_verify_whether_it_is_data_can_pass_email_and_password_textbox" time="13.281" errors="0" timestamp="2023-02-03T13:06:03 IST" skipped="0">
  <testcase classname="headerSectionTestCases.Click_on_sign_in_and_verify_whether_it_is_data_can_pass_email_and_password_textbox" name="Click_on_sign_in_and_verify_whether_it_is_data_can_pass_email_and_password_textbox_Test" time="13.281"/>
  <system-out/>
</testsuite> <!-- headerSectionTestCases.Click_on_sign_in_and_verify_whether_it_is_data_can_pass_email_and_password_textbox -->
