<?xml version="1.0" encoding="UTF-8"?>
<!-- Generated by org.testng.reporters.JUnitReportReporter -->
<testsuite hostname="DESKTOP-C8IENHF" failures="0" tests="1" name="wishListSectionTestCases.Check_Load_Feel_Page" time="10.583" errors="0" timestamp="2023-02-03T13:06:03 IST" skipped="0">
  <testcase classname="wishListSectionTestCases.Check_Load_Feel_Page" name="Check_And_Test_All_Details_Check_Load_Feel_Page_Test" time="10.583"/>
  <system-out/>
</testsuite> <!-- wishListSectionTestCases.Check_Load_Feel_Page -->
