<?xml version="1.0" encoding="UTF-8"?>
<!-- Generated by org.testng.reporters.JUnitReportReporter -->
<testsuite hostname="DESKTOP-C8IENHF" failures="0" tests="1" name="homeSectionTestCases.Check_all_trending_shape_rug" time="12.267" errors="0" timestamp="2023-02-03T13:06:03 IST" skipped="0">
  <testcase classname="homeSectionTestCases.Check_all_trending_shape_rug" name="Check_all_trending_shape_rug_Test" time="12.267"/>
  <system-out/>
</testsuite> <!-- homeSectionTestCases.Check_all_trending_shape_rug -->
