<?xml version="1.0" encoding="UTF-8"?>
<!-- Generated by org.testng.reporters.JUnitReportReporter -->
<testsuite hostname="DESKTOP-C8IENHF" failures="0" tests="1" name="headerSectionTestCases.Type_rug_name_pattern_style_shape_collection_name_and_see_result" time="14.086" errors="0" timestamp="2023-02-03T13:06:03 IST" skipped="0">
  <testcase classname="headerSectionTestCases.Type_rug_name_pattern_style_shape_collection_name_and_see_result" name="Type_rug_name_pattern_style_shape_collection_name_and_see_result_Test" time="14.086"/>
  <system-out/>
</testsuite> <!-- headerSectionTestCases.Type_rug_name_pattern_style_shape_collection_name_and_see_result -->
