<?xml version="1.0" encoding="UTF-8"?>
<!-- Generated by org.testng.reporters.JUnitReportReporter -->
<testsuite hostname="DESKTOP-C8IENHF" failures="0" tests="1" name="collectionSectionTestCases.Click_on_Geometric_collection_and_check_of_all_shapes_of_Geometric_collection" time="16.518" errors="0" timestamp="2023-02-03T13:06:03 IST" skipped="0">
  <testcase classname="collectionSectionTestCases.Click_on_Geometric_collection_and_check_of_all_shapes_of_Geometric_collection" name="Click_on_Geometric_link_and_check_of_all_shapes_of_Geometric_collection" time="16.518"/>
  <system-out/>
</testsuite> <!-- collectionSectionTestCases.Click_on_Geometric_collection_and_check_of_all_shapes_of_Geometric_collection -->
