<?xml version="1.0" encoding="UTF-8"?>
<!-- Generated by org.testng.reporters.JUnitReportReporter -->
<testsuite hostname="DESKTOP-C8IENHF" failures="0" tests="1" name="headerSectionTestCases.Check_Arch_shape_of_all_rugs" time="18.163" errors="0" timestamp="2023-02-03T13:06:03 IST" skipped="0">
  <testcase classname="headerSectionTestCases.Check_Arch_shape_of_all_rugs" name="Check_Arch_shape_of_all_rugs_Test" time="18.163"/>
  <system-out/>
</testsuite> <!-- headerSectionTestCases.Check_Arch_shape_of_all_rugs -->
