<?xml version="1.0" encoding="UTF-8"?>
<!-- Generated by org.testng.reporters.JUnitReportReporter -->
<testsuite hostname="DESKTOP-C8IENHF" failures="0" tests="1" name="shoppingCardSectionTestCases.Shopping_cart_adding_items" time="16.330" errors="0" timestamp="2023-02-03T13:06:03 IST" skipped="0">
  <testcase classname="shoppingCardSectionTestCases.Shopping_cart_adding_items" name="Add_Items_Into_The_Shopping_Cart_And_Check_Them_Shopping_cart_adding_items_Test" time="16.330"/>
  <system-out/>
</testsuite> <!-- shoppingCardSectionTestCases.Shopping_cart_adding_items -->
