<?xml version="1.0" encoding="UTF-8"?>
<!-- Generated by org.testng.reporters.JUnitReportReporter -->
<testsuite hostname="DESKTOP-C8IENHF" failures="0" tests="1" name="checkOutPageSectionTestCases.Checkout_page_State" time="13.956" errors="0" timestamp="2023-02-03T13:06:03 IST" skipped="0">
  <testcase classname="checkOutPageSectionTestCases.Checkout_page_State" name="Check_And_Verify_To_Pass_Data_In_State_Textbox_Checkout_page_State_Test" time="13.956"/>
  <system-out/>
</testsuite> <!-- checkOutPageSectionTestCases.Checkout_page_State -->
