<?xml version="1.0" encoding="UTF-8"?>
<!-- Generated by org.testng.reporters.JUnitReportReporter -->
<testsuite hostname="DESKTOP-C8IENHF" failures="0" tests="1" name="homeSectionTestCases.Checking_all_handmade_custom_rug" time="18.621" errors="0" timestamp="2023-02-03T13:06:03 IST" skipped="0">
  <testcase classname="homeSectionTestCases.Checking_all_handmade_custom_rug" name="Checking_all_handmade_custom_rug_Test" time="18.621"/>
  <system-out/>
</testsuite> <!-- homeSectionTestCases.Checking_all_handmade_custom_rug -->
